Using pre-set license
Built from '2020.3/staging' branch; Version is '2020.3.0f1 (c7b5465681fb) revision 13088070'; Using compiler version '192528614'; Build Type 'Release'
OS: 'Windows 10 Pro; OS build 19042.1237; Version 2009; 64bit' Language: 'en' Physical Memory: 32654 MB
BatchMode: 1, IsHumanControllingUs: 0, StartBugReporterOnCrash: 0, Is64bit: 1, IsPro: 0

 COMMAND LINE ARGUMENTS:
C:\Program Files\Unity\Hub\Editor\2020.3.0f1\Editor\Unity.exe
-adb2
-batchMode
-noUpm
-name
AssetImportWorker0
-projectPath
C:/Users/GEFEA SOFT/Desktop/IceCream/IceCream_Prototype
-logFile
Logs/AssetImportWorker0.log
-srvPort
65337
Successfully changed project path to: C:/Users/GEFEA SOFT/Desktop/IceCream/IceCream_Prototype
C:/Users/GEFEA SOFT/Desktop/IceCream/IceCream_Prototype
Using Asset Import Pipeline V2.
Refreshing native plugins compatible for Editor in 19.32 ms, found 0 plugins.
Preloading 0 native plugins for Editor in 0.00 ms.
Initialize engine version: 2020.3.0f1 (c7b5465681fb)
[Subsystems] Discovering subsystems at path C:/Program Files/Unity/Hub/Editor/2020.3.0f1/Editor/Data/Resources/UnitySubsystems
[Subsystems] Discovering subsystems at path C:/Users/GEFEA SOFT/Desktop/IceCream/IceCream_Prototype/Assets
GfxDevice: creating device client; threaded=0
Direct3D:
    Version:  Direct3D 11.0 [level 11.1]
    Renderer: NVIDIA GeForce RTX 3070 (ID=0x2484)
    Vendor:   
    VRAM:     8043 MB
    Driver:   30.0.14.7196
Initialize mono
Mono path[0] = 'C:/Program Files/Unity/Hub/Editor/2020.3.0f1/Editor/Data/Managed'
Mono path[1] = 'C:/Program Files/Unity/Hub/Editor/2020.3.0f1/Editor/Data/MonoBleedingEdge/lib/mono/unityjit'
Mono config path = 'C:/Program Files/Unity/Hub/Editor/2020.3.0f1/Editor/Data/MonoBleedingEdge/etc'
Using monoOptions --debugger-agent=transport=dt_socket,embedding=1,server=y,suspend=n,address=127.0.0.1:56920
Begin MonoManager ReloadAssembly
Registering precompiled unity dll's ...
Register platform support module: C:/Program Files/Unity/Hub/Editor/2020.3.0f1/Editor/Data/PlaybackEngines/WebGLSupport/UnityEditor.WebGL.Extensions.dll
Register platform support module: C:/Program Files/Unity/Hub/Editor/2020.3.0f1/Editor/Data/PlaybackEngines/MacStandaloneSupport/UnityEditor.OSXStandalone.Extensions.dll
Register platform support module: C:/Program Files/Unity/Hub/Editor/2020.3.0f1/Editor/Data/PlaybackEngines/WindowsStandaloneSupport/UnityEditor.WindowsStandalone.Extensions.dll
Registered in 0.002264 seconds.
Native extension for WindowsStandalone target not found
Native extension for OSXStandalone target not found
Native extension for WebGL target not found
Refreshing native plugins compatible for Editor in 20.53 ms, found 0 plugins.
Preloading 0 native plugins for Editor in 0.00 ms.
Invoked RoslynAnalysisRunner static constructor.
RoslynAnalysisRunner will not be running.
RoslynAnalysisRunner has terminated.
Mono: successfully reloaded assembly
- Completed reload, in  1.577 seconds
Platform modules already initialized, skipping
Registering precompiled user dll's ...
Registered in 0.000674 seconds.
Begin MonoManager ReloadAssembly
Native extension for WindowsStandalone target not found
Native extension for OSXStandalone target not found
Native extension for WebGL target not found
Refreshing native plugins compatible for Editor in 0.42 ms, found 0 plugins.
Preloading 0 native plugins for Editor in 0.00 ms.
Invoked RoslynAnalysisRunner static constructor.
RoslynAnalysisRunner will not be running.
RoslynAnalysisRunner has terminated.
Mono: successfully reloaded assembly
- Completed reload, in  0.707 seconds
Platform modules already initialized, skipping
========================================================================
Worker process is ready to serve import requests
Launched and connected shader compiler UnityShaderCompiler.exe after 0.04 seconds
Refreshing native plugins compatible for Editor in 0.25 ms, found 0 plugins.
Preloading 0 native plugins for Editor in 0.00 ms.
Unloading 1136 Unused Serialized files (Serialized files now loaded: 0)
System memory in use before: 57.5 MB.
System memory in use after: 57.6 MB.

Unloading 10 unused Assets to reduce memory usage. Loaded Objects now: 1578.
Total: 2.235000 ms (FindLiveObjects: 0.246100 ms CreateObjectMapping: 0.031900 ms MarkObjects: 1.849700 ms  DeleteObjects: 0.105900 ms)

========================================================================
Received Import Request.
  path: Assets/SplineMesh/Showcase.unity
  artifactKey: Guid(3e717c5efb24aa349a1ed37e8978438b) Importer(815301076,1909f56bfc062723c751e8b465ee728b)
Start importing Assets/SplineMesh/Showcase.unity using Guid(3e717c5efb24aa349a1ed37e8978438b) Importer(815301076,1909f56bfc062723c751e8b465ee728b)  -> (artifact id: '5dfa88b8f9f7fbbef618d8c3111e1c87') in 0.019634 seconds
  Import took 0.021672 seconds .

========================================================================
Received Import Request.
  Time since last request: 0.000260 seconds.
  path: Assets/SplineMesh
  artifactKey: Guid(7a28cf4e73dd8554c8997cfb0bfa86db) Importer(815301076,1909f56bfc062723c751e8b465ee728b)
Start importing Assets/SplineMesh using Guid(7a28cf4e73dd8554c8997cfb0bfa86db) Importer(815301076,1909f56bfc062723c751e8b465ee728b)  -> (artifact id: 'bebfb617edad2179bf9d8739f0771c70') in 0.008249 seconds
  Import took 0.010338 seconds .

========================================================================
Received Import Request.
  Time since last request: 383.218461 seconds.
  path: Assets/SplineMesh/DemoAssets/Prefabs/Capsule.prefab
  artifactKey: Guid(65290c8a0968be743bf5b4c95114c272) Importer(815301076,1909f56bfc062723c751e8b465ee728b)
Start importing Assets/SplineMesh/DemoAssets/Prefabs/Capsule.prefab using Guid(65290c8a0968be743bf5b4c95114c272) Importer(815301076,1909f56bfc062723c751e8b465ee728b)  -> (artifact id: '7aad15b2898d3936ef3868851c3e2552') in 0.090958 seconds
  Import took 0.093190 seconds .

========================================================================
Received Import Request.
  Time since last request: 0.000171 seconds.
  path: Assets/SplineMesh/DemoAssets/Prefabs/RopeSegment.prefab
  artifactKey: Guid(36b9b82bb143831419bf2e7113dad3ac) Importer(815301076,1909f56bfc062723c751e8b465ee728b)
Start importing Assets/SplineMesh/DemoAssets/Prefabs/RopeSegment.prefab using Guid(36b9b82bb143831419bf2e7113dad3ac) Importer(815301076,1909f56bfc062723c751e8b465ee728b)  -> (artifact id: '778132e018558a142b0a193141256f7e') in 0.008818 seconds
  Import took 0.010580 seconds .

========================================================================
Received Import Request.
  Time since last request: 0.000184 seconds.
  path: Assets/SplineMesh/DemoAssets/Prefabs/Light.prefab
  artifactKey: Guid(9494ee67b305f9e4da72aea2e0ca82dc) Importer(815301076,1909f56bfc062723c751e8b465ee728b)
Start importing Assets/SplineMesh/DemoAssets/Prefabs/Light.prefab using Guid(9494ee67b305f9e4da72aea2e0ca82dc) Importer(815301076,1909f56bfc062723c751e8b465ee728b)  -> (artifact id: '5aad3c1cc139e40bbdd4e8002a8be7f7') in 0.017002 seconds
  Import took 0.018754 seconds .

========================================================================
Received Import Request.
  Time since last request: 0.000171 seconds.
  path: Assets/SplineMesh/DemoAssets/Prefabs/Pillar.prefab
  artifactKey: Guid(767f61632ccbf8c46acb9fc29f0f79e3) Importer(815301076,1909f56bfc062723c751e8b465ee728b)
Start importing Assets/SplineMesh/DemoAssets/Prefabs/Pillar.prefab using Guid(767f61632ccbf8c46acb9fc29f0f79e3) Importer(815301076,1909f56bfc062723c751e8b465ee728b)  -> (artifact id: '7dd3140961cb7770536580eb01d0d7a6') in 0.011909 seconds
  Import took 0.013597 seconds .

========================================================================
Received Import Request.
  Time since last request: 0.000173 seconds.
  path: Assets/SplineMesh/DemoAssets/Prefabs/Capsule.prefab
  artifactKey: Guid(65290c8a0968be743bf5b4c95114c272) Importer(815301076,1909f56bfc062723c751e8b465ee728b)
Start importing Assets/SplineMesh/DemoAssets/Prefabs/Capsule.prefab using Guid(65290c8a0968be743bf5b4c95114c272) Importer(815301076,1909f56bfc062723c751e8b465ee728b)  -> (artifact id: '7aad15b2898d3936ef3868851c3e2552') in 0.006138 seconds
  Import took 0.007835 seconds .

========================================================================
Received Import Request.
  Time since last request: 0.015132 seconds.
  path: Assets/SplineMesh/DemoAssets/Prefabs/Light.prefab
  artifactKey: Guid(9494ee67b305f9e4da72aea2e0ca82dc) Importer(815301076,1909f56bfc062723c751e8b465ee728b)
Start importing Assets/SplineMesh/DemoAssets/Prefabs/Light.prefab using Guid(9494ee67b305f9e4da72aea2e0ca82dc) Importer(815301076,1909f56bfc062723c751e8b465ee728b)  -> (artifact id: '5aad3c1cc139e40bbdd4e8002a8be7f7') in 0.019462 seconds
  Import took 0.021559 seconds .

========================================================================
Received Import Request.
  Time since last request: 51.602845 seconds.
  path: Assets/SplineMesh/Scripts/MeshProcessing/SplineMeshTiling.cs
  artifactKey: Guid(174367e175762fb48ba55d6171e99990) Importer(815301076,1909f56bfc062723c751e8b465ee728b)
Start importing Assets/SplineMesh/Scripts/MeshProcessing/SplineMeshTiling.cs using Guid(174367e175762fb48ba55d6171e99990) Importer(815301076,1909f56bfc062723c751e8b465ee728b)  -> (artifact id: '23d0429dbaf7351f894d34b765f96ff5') in 0.007963 seconds
  Import took 0.009937 seconds .

========================================================================
Received Prepare
Registering precompiled user dll's ...
Registered in 0.000542 seconds.
Begin MonoManager ReloadAssembly
Native extension for WindowsStandalone target not found
Native extension for OSXStandalone target not found
Native extension for WebGL target not found
Refreshing native plugins compatible for Editor in 0.25 ms, found 0 plugins.
Preloading 0 native plugins for Editor in 0.00 ms.
Invoked RoslynAnalysisRunner static constructor.
RoslynAnalysisRunner will not be running.
RoslynAnalysisRunner has terminated.
Mono: successfully reloaded assembly
- Completed reload, in  0.617 seconds
Platform modules already initialized, skipping
Refreshing native plugins compatible for Editor in 0.22 ms, found 0 plugins.
Preloading 0 native plugins for Editor in 0.00 ms.
Unloading 1131 Unused Serialized files (Serialized files now loaded: 0)
System memory in use before: 60.7 MB.
System memory in use after: 60.7 MB.

Unloading 6 unused Assets to reduce memory usage. Loaded Objects now: 1591.
Total: 1.886800 ms (FindLiveObjects: 0.244500 ms CreateObjectMapping: 0.035400 ms MarkObjects: 1.539500 ms  DeleteObjects: 0.066300 ms)

========================================================================
Received Import Request.
  Time since last request: 1856.484964 seconds.
  path: Assets/SplineMesh/DemoAssets/Materials/Default.mat
  artifactKey: Guid(c2ded7645929e1746befa52ddd920fbb) Importer(815301076,1909f56bfc062723c751e8b465ee728b)
Start importing Assets/SplineMesh/DemoAssets/Materials/Default.mat using Guid(c2ded7645929e1746befa52ddd920fbb) Importer(815301076,1909f56bfc062723c751e8b465ee728b)  -> (artifact id: '34e37498cc0be9b8b719f3891e1b245a') in 0.078725 seconds
  Import took 0.081221 seconds .

========================================================================
Received Import Request.
  Time since last request: 0.000226 seconds.
  path: Assets/SplineMesh/DemoAssets/Materials/ShinyOrange.mat
  artifactKey: Guid(c83e7f8994f9e3b42b86fa3691fc742b) Importer(815301076,1909f56bfc062723c751e8b465ee728b)
Start importing Assets/SplineMesh/DemoAssets/Materials/ShinyOrange.mat using Guid(c83e7f8994f9e3b42b86fa3691fc742b) Importer(815301076,1909f56bfc062723c751e8b465ee728b)  -> (artifact id: '6f9b1377dc6f37f88cb12b83cd072aed') in 0.011496 seconds
  Import took 0.013626 seconds .

========================================================================
Received Import Request.
  Time since last request: 0.000208 seconds.
  path: Assets/SplineMesh/DemoAssets/Materials/WetBlack.mat
  artifactKey: Guid(b8c8701b896a8184e8974775b53a7fd7) Importer(815301076,1909f56bfc062723c751e8b465ee728b)
Start importing Assets/SplineMesh/DemoAssets/Materials/WetBlack.mat using Guid(b8c8701b896a8184e8974775b53a7fd7) Importer(815301076,1909f56bfc062723c751e8b465ee728b)  -> (artifact id: '134b0f90fb8bc67cd2b165d1bc28582e') in 0.075191 seconds
  Import took 0.076941 seconds .

========================================================================
Received Import Request.
  Time since last request: 0.000230 seconds.
  path: Assets/SplineMesh/DemoAssets/Materials/OrangeUVTester.mat
  artifactKey: Guid(863715256888b184fb566639a2b188cc) Importer(815301076,1909f56bfc062723c751e8b465ee728b)
Start importing Assets/SplineMesh/DemoAssets/Materials/OrangeUVTester.mat using Guid(863715256888b184fb566639a2b188cc) Importer(815301076,1909f56bfc062723c751e8b465ee728b)  -> (artifact id: 'a4fe636b1217c0aad8b53481afbe3047') in 0.012690 seconds
  Import took 0.014898 seconds .

========================================================================
Received Import Request.
  Time since last request: 0.000206 seconds.
  path: Assets/SplineMesh/DemoAssets/Materials/Default.mat
  artifactKey: Guid(c2ded7645929e1746befa52ddd920fbb) Importer(815301076,1909f56bfc062723c751e8b465ee728b)
Start importing Assets/SplineMesh/DemoAssets/Materials/Default.mat using Guid(c2ded7645929e1746befa52ddd920fbb) Importer(815301076,1909f56bfc062723c751e8b465ee728b)  -> (artifact id: '34e37498cc0be9b8b719f3891e1b245a') in 0.016140 seconds
  Import took 0.018302 seconds .

========================================================================
Received Import Request.
  Time since last request: 0.000243 seconds.
  path: Assets/SplineMesh/DemoAssets/Materials/No Name.mat
  artifactKey: Guid(684e38a396e0e4a47b7d8888e140e426) Importer(815301076,1909f56bfc062723c751e8b465ee728b)
Start importing Assets/SplineMesh/DemoAssets/Materials/No Name.mat using Guid(684e38a396e0e4a47b7d8888e140e426) Importer(815301076,1909f56bfc062723c751e8b465ee728b)  -> (artifact id: 'f5448a2c703cd71cfd8f3f65c5951a42') in 0.019796 seconds
  Import took 0.022055 seconds .

========================================================================
Received Import Request.
  Time since last request: 1.497825 seconds.
  path: Assets/SplineMesh/DemoAssets/Mesh/cylinder.dae
  artifactKey: Guid(500594a39d643774c8e028335ee33da7) Importer(815301076,1909f56bfc062723c751e8b465ee728b)
Start importing Assets/SplineMesh/DemoAssets/Mesh/cylinder.dae using Guid(500594a39d643774c8e028335ee33da7) Importer(815301076,1909f56bfc062723c751e8b465ee728b)  -> (artifact id: 'e5abfd0632121e159febb51e63e7f549') in 0.055092 seconds
  Import took 0.057233 seconds .

========================================================================
Received Import Request.
  Time since last request: 0.000214 seconds.
  path: Assets/SplineMesh/DemoAssets/Mesh/Railling.fbx
  artifactKey: Guid(75a08385e127b9944b8a9e21320e8b88) Importer(815301076,1909f56bfc062723c751e8b465ee728b)
Start importing Assets/SplineMesh/DemoAssets/Mesh/Railling.fbx using Guid(75a08385e127b9944b8a9e21320e8b88) Importer(815301076,1909f56bfc062723c751e8b465ee728b)  -> (artifact id: 'ebe75f8116ecca4f3906e0a68e53a176') in 0.049052 seconds
  Import took 0.051104 seconds .

========================================================================
Received Import Request.
  Time since last request: 0.000187 seconds.
  path: Assets/SplineMesh/DemoAssets/Mesh/cylinder.dae
  artifactKey: Guid(500594a39d643774c8e028335ee33da7) Importer(815301076,1909f56bfc062723c751e8b465ee728b)
Start importing Assets/SplineMesh/DemoAssets/Mesh/cylinder.dae using Guid(500594a39d643774c8e028335ee33da7) Importer(815301076,1909f56bfc062723c751e8b465ee728b)  -> (artifact id: 'e5abfd0632121e159febb51e63e7f549') in 0.037183 seconds
  Import took 0.038881 seconds .

========================================================================
Received Import Request.
  Time since last request: 0.000192 seconds.
  path: Assets/SplineMesh/DemoAssets/Mesh/Railling.fbx
  artifactKey: Guid(75a08385e127b9944b8a9e21320e8b88) Importer(815301076,1909f56bfc062723c751e8b465ee728b)
Start importing Assets/SplineMesh/DemoAssets/Mesh/Railling.fbx using Guid(75a08385e127b9944b8a9e21320e8b88) Importer(815301076,1909f56bfc062723c751e8b465ee728b)  -> (artifact id: 'ebe75f8116ecca4f3906e0a68e53a176') in 0.024521 seconds
  Import took 0.026300 seconds .

========================================================================
Received Import Request.
  Time since last request: 369.075166 seconds.
  path: Assets/SplineMesh/Doc.txt
  artifactKey: Guid(9f209adc2d95dcf4fb2ccf5d8355a3b9) Importer(815301076,1909f56bfc062723c751e8b465ee728b)
Start importing Assets/SplineMesh/Doc.txt using Guid(9f209adc2d95dcf4fb2ccf5d8355a3b9) Importer(815301076,1909f56bfc062723c751e8b465ee728b)  -> (artifact id: 'bd1d935e88b4ea581d6985cd7d7121b5') in 0.009297 seconds
  Import took 0.011513 seconds .

========================================================================
Received Import Request.
  Time since last request: 352.679761 seconds.
  path: Assets/SplineMesh/DemoAssets
  artifactKey: Guid(15cbdaa4080c19348aca7a7c80cc6d91) Importer(815301076,1909f56bfc062723c751e8b465ee728b)
Start importing Assets/SplineMesh/DemoAssets using Guid(15cbdaa4080c19348aca7a7c80cc6d91) Importer(815301076,1909f56bfc062723c751e8b465ee728b)  -> (artifact id: '8c319d3fdfb8c57cf9f7aefcd29b380f') in 0.005733 seconds
  Import took 0.007794 seconds .

========================================================================
Received Import Request.
  Time since last request: 1.839173 seconds.
  path: Assets/SplineMesh/DemoAssets/Prefabs
  artifactKey: Guid(d65fb88dea2b1bd4592b7f19a805c297) Importer(815301076,1909f56bfc062723c751e8b465ee728b)
Start importing Assets/SplineMesh/DemoAssets/Prefabs using Guid(d65fb88dea2b1bd4592b7f19a805c297) Importer(815301076,1909f56bfc062723c751e8b465ee728b)  -> (artifact id: '701474e6cdd1f4fd8eb429b8fd8c4237') in 0.005937 seconds
  Import took 0.007976 seconds .

========================================================================
Received Import Request.
  Time since last request: 2.632529 seconds.
  path: Assets/SplineMesh/Scripts
  artifactKey: Guid(04ec9797dac1bef44b99fe06014f1988) Importer(815301076,1909f56bfc062723c751e8b465ee728b)
Start importing Assets/SplineMesh/Scripts using Guid(04ec9797dac1bef44b99fe06014f1988) Importer(815301076,1909f56bfc062723c751e8b465ee728b)  -> (artifact id: 'f5f6ecb8605e97428bf4c092a0c7d927') in 0.006055 seconds
  Import took 0.008241 seconds .

========================================================================
Received Import Request.
  Time since last request: 3.411745 seconds.
  path: Assets/SplineMesh/DemoAssets/Mesh
  artifactKey: Guid(c7edb1e0bf243bd448a3052de6c2ae6e) Importer(815301076,1909f56bfc062723c751e8b465ee728b)
Start importing Assets/SplineMesh/DemoAssets/Mesh using Guid(c7edb1e0bf243bd448a3052de6c2ae6e) Importer(815301076,1909f56bfc062723c751e8b465ee728b)  -> (artifact id: 'd1574db2db44e9a2c111b45c6418fe4b') in 0.005994 seconds
  Import took 0.008236 seconds .

========================================================================
Received Prepare
Registering precompiled user dll's ...
Registered in 0.000550 seconds.
Begin MonoManager ReloadAssembly
Native extension for WindowsStandalone target not found
Native extension for OSXStandalone target not found
Native extension for WebGL target not found
Refreshing native plugins compatible for Editor in 0.23 ms, found 0 plugins.
Preloading 0 native plugins for Editor in 0.00 ms.
Invoked RoslynAnalysisRunner static constructor.
RoslynAnalysisRunner will not be running.
RoslynAnalysisRunner has terminated.
Mono: successfully reloaded assembly
- Completed reload, in  0.609 seconds
Platform modules already initialized, skipping
Refreshing native plugins compatible for Editor in 0.23 ms, found 0 plugins.
Preloading 0 native plugins for Editor in 0.00 ms.
Unloading 1131 Unused Serialized files (Serialized files now loaded: 0)
System memory in use before: 61.1 MB.
System memory in use after: 61.2 MB.

Unloading 5 unused Assets to reduce memory usage. Loaded Objects now: 1631.
Total: 1.938200 ms (FindLiveObjects: 0.190600 ms CreateObjectMapping: 0.032400 ms MarkObjects: 1.639200 ms  DeleteObjects: 0.074800 ms)

========================================================================
Received Import Request.
  Time since last request: 270.085907 seconds.
  path: Assets/SplineMesh/Scripts/Bezier/CubicBezierCurve.cs
  artifactKey: Guid(72d7c273c1cdb4447ac76f4f8eaa0ba1) Importer(815301076,1909f56bfc062723c751e8b465ee728b)
Start importing Assets/SplineMesh/Scripts/Bezier/CubicBezierCurve.cs using Guid(72d7c273c1cdb4447ac76f4f8eaa0ba1) Importer(815301076,1909f56bfc062723c751e8b465ee728b)  -> (artifact id: '3b8caf20dbcefd38eaa9a9692c15fab9') in 0.007609 seconds
  Import took 0.009655 seconds .

========================================================================
Received Import Request.
  Time since last request: 1.363311 seconds.
  path: Assets/SplineMesh/Scripts/Bezier/CurveSample.cs
  artifactKey: Guid(50dca9a395f88c54e8349ccff19f097b) Importer(815301076,1909f56bfc062723c751e8b465ee728b)
Start importing Assets/SplineMesh/Scripts/Bezier/CurveSample.cs using Guid(50dca9a395f88c54e8349ccff19f097b) Importer(815301076,1909f56bfc062723c751e8b465ee728b)  -> (artifact id: '569b683535120698f33594465e29e1ad') in 0.005930 seconds
  Import took 0.007691 seconds .

========================================================================
Received Import Request.
  Time since last request: 1.695910 seconds.
  path: Assets/SplineMesh/Scripts/Bezier/Spline.cs
  artifactKey: Guid(1a85c5879d519aa4ab2ebbf42591149a) Importer(815301076,1909f56bfc062723c751e8b465ee728b)
Start importing Assets/SplineMesh/Scripts/Bezier/Spline.cs using Guid(1a85c5879d519aa4ab2ebbf42591149a) Importer(815301076,1909f56bfc062723c751e8b465ee728b)  -> (artifact id: '6b5dc176bf1688a11195050301a7fba3') in 0.005741 seconds
  Import took 0.007714 seconds .

========================================================================
Received Import Request.
  Time since last request: 0.571089 seconds.
  path: Assets/SplineMesh/Scripts/Bezier/SplineNode.cs
  artifactKey: Guid(1fcdfb895c0d3cd409b1f79c2c9ff09b) Importer(815301076,1909f56bfc062723c751e8b465ee728b)
Start importing Assets/SplineMesh/Scripts/Bezier/SplineNode.cs using Guid(1fcdfb895c0d3cd409b1f79c2c9ff09b) Importer(815301076,1909f56bfc062723c751e8b465ee728b)  -> (artifact id: '2fde4bea845a6b97159b93c029e074a6') in 0.006029 seconds
  Import took 0.007832 seconds .

========================================================================
Received Import Request.
  Time since last request: 0.732773 seconds.
  path: Assets/SplineMesh/Scripts/Bezier/SplineSmoother.cs
  artifactKey: Guid(c3c62baecdb58fe4583d8f8283102e76) Importer(815301076,1909f56bfc062723c751e8b465ee728b)
Start importing Assets/SplineMesh/Scripts/Bezier/SplineSmoother.cs using Guid(c3c62baecdb58fe4583d8f8283102e76) Importer(815301076,1909f56bfc062723c751e8b465ee728b)  -> (artifact id: '0d6dad9b42a1dc3626d3fdc02ca72479') in 0.005881 seconds
  Import took 0.008027 seconds .

========================================================================
Received Import Request.
  Time since last request: 279.080690 seconds.
  path: Assets/SplineMesh/Scripts/MeshProcessing
  artifactKey: Guid(5f3755077c971d54492da57d5b6497f1) Importer(815301076,1909f56bfc062723c751e8b465ee728b)
Start importing Assets/SplineMesh/Scripts/MeshProcessing using Guid(5f3755077c971d54492da57d5b6497f1) Importer(815301076,1909f56bfc062723c751e8b465ee728b)  -> (artifact id: '83bfde98f2a1767a55f2b7e3220d15a7') in 0.006219 seconds
  Import took 0.008337 seconds .

========================================================================
Received Import Request.
  Time since last request: 0.467994 seconds.
  path: Assets/SplineMesh/Scripts/Utils
  artifactKey: Guid(42e70c99c5a7ff64db0ef5efafa2c82e) Importer(815301076,1909f56bfc062723c751e8b465ee728b)
Start importing Assets/SplineMesh/Scripts/Utils using Guid(42e70c99c5a7ff64db0ef5efafa2c82e) Importer(815301076,1909f56bfc062723c751e8b465ee728b)  -> (artifact id: '6c1c5b2476f725cc79f72ab634a22b7d') in 0.005587 seconds
  Import took 0.007348 seconds .

========================================================================
Received Import Request.
  Time since last request: 0.647800 seconds.
  path: Assets/SplineMesh/Scripts/Example
  artifactKey: Guid(f08b8edc2f03d414d87eb3b7dbb457cb) Importer(815301076,1909f56bfc062723c751e8b465ee728b)
Start importing Assets/SplineMesh/Scripts/Example using Guid(f08b8edc2f03d414d87eb3b7dbb457cb) Importer(815301076,1909f56bfc062723c751e8b465ee728b)  -> (artifact id: '5db3757a338c0964662ccae858b7ef09') in 0.005881 seconds
  Import took 0.007955 seconds .

========================================================================
Received Import Request.
  Time since last request: 108.819552 seconds.
  path: Assets/SplineMesh/DemoAssets/Materials
  artifactKey: Guid(ba3cef361f8301a4bad3494d6cee638f) Importer(815301076,1909f56bfc062723c751e8b465ee728b)
Start importing Assets/SplineMesh/DemoAssets/Materials using Guid(ba3cef361f8301a4bad3494d6cee638f) Importer(815301076,1909f56bfc062723c751e8b465ee728b)  -> (artifact id: '5cb00cb006a4d6b9996e32762c600315') in 0.005837 seconds
  Import took 0.007831 seconds .

========================================================================
Received Import Request.
  Time since last request: 3.762912 seconds.
  path: Assets/Scenes
  artifactKey: Guid(50668f9b0b5556240803ddb0822bbf2b) Importer(815301076,1909f56bfc062723c751e8b465ee728b)
Start importing Assets/Scenes using Guid(50668f9b0b5556240803ddb0822bbf2b) Importer(815301076,1909f56bfc062723c751e8b465ee728b)  -> (artifact id: '09e9867926d908f15da02334be71e812') in 0.005862 seconds
  Import took 0.007911 seconds .

========================================================================
Received Import Request.
  Time since last request: 0.007212 seconds.
  path: Assets/Scenes
  artifactKey: Guid(50668f9b0b5556240803ddb0822bbf2b) Importer(815301076,1909f56bfc062723c751e8b465ee728b)
Start importing Assets/Scenes using Guid(50668f9b0b5556240803ddb0822bbf2b) Importer(815301076,1909f56bfc062723c751e8b465ee728b)  -> (artifact id: '09e9867926d908f15da02334be71e812') in 0.001735 seconds
  Import took 0.003333 seconds .

========================================================================
Received Import Request.
  Time since last request: 317.930121 seconds.
  path: Assets/SplineMesh/DemoAssets/Mesh/Materials/texture.mat
  artifactKey: Guid(58433726f5cc13f4dbfb52944dbbcc11) Importer(815301076,1909f56bfc062723c751e8b465ee728b)
Start importing Assets/SplineMesh/DemoAssets/Mesh/Materials/texture.mat using Guid(58433726f5cc13f4dbfb52944dbbcc11) Importer(815301076,1909f56bfc062723c751e8b465ee728b)  -> (artifact id: 'eb82b6938699015a89a5c0707c361b2e') in 0.053252 seconds
  Import took 0.055455 seconds .

========================================================================
Received Prepare
Registering precompiled user dll's ...
Registered in 0.000488 seconds.
Begin MonoManager ReloadAssembly
Native extension for WindowsStandalone target not found
Native extension for OSXStandalone target not found
Native extension for WebGL target not found
Refreshing native plugins compatible for Editor in 0.25 ms, found 0 plugins.
Preloading 0 native plugins for Editor in 0.00 ms.
Invoked RoslynAnalysisRunner static constructor.
RoslynAnalysisRunner will not be running.
RoslynAnalysisRunner has terminated.
Mono: successfully reloaded assembly
- Completed reload, in  0.609 seconds
Platform modules already initialized, skipping
Refreshing native plugins compatible for Editor in 0.23 ms, found 0 plugins.
Preloading 0 native plugins for Editor in 0.00 ms.
Unloading 1131 Unused Serialized files (Serialized files now loaded: 0)
System memory in use before: 61.2 MB.
System memory in use after: 61.2 MB.

Unloading 5 unused Assets to reduce memory usage. Loaded Objects now: 1635.
Total: 1.763100 ms (FindLiveObjects: 0.204000 ms CreateObjectMapping: 0.030000 ms MarkObjects: 1.472400 ms  DeleteObjects: 0.055500 ms)

========================================================================
Received Prepare
Registering precompiled user dll's ...
Registered in 0.000543 seconds.
Begin MonoManager ReloadAssembly
Native extension for WindowsStandalone target not found
Native extension for OSXStandalone target not found
Native extension for WebGL target not found
Refreshing native plugins compatible for Editor in 0.24 ms, found 0 plugins.
Preloading 0 native plugins for Editor in 0.00 ms.
Invoked RoslynAnalysisRunner static constructor.
RoslynAnalysisRunner will not be running.
RoslynAnalysisRunner has terminated.
Mono: successfully reloaded assembly
- Completed reload, in  0.610 seconds
Platform modules already initialized, skipping
Refreshing native plugins compatible for Editor in 0.24 ms, found 0 plugins.
Preloading 0 native plugins for Editor in 0.00 ms.
Unloading 1131 Unused Serialized files (Serialized files now loaded: 0)
System memory in use before: 61.2 MB.
System memory in use after: 61.3 MB.

Unloading 5 unused Assets to reduce memory usage. Loaded Objects now: 1638.
Total: 1.693900 ms (FindLiveObjects: 0.185700 ms CreateObjectMapping: 0.027800 ms MarkObjects: 1.416600 ms  DeleteObjects: 0.062700 ms)

========================================================================
Received Prepare
Registering precompiled user dll's ...
Registered in 0.000456 seconds.
Begin MonoManager ReloadAssembly
Native extension for WindowsStandalone target not found
Native extension for OSXStandalone target not found
Native extension for WebGL target not found
Refreshing native plugins compatible for Editor in 0.26 ms, found 0 plugins.
Preloading 0 native plugins for Editor in 0.00 ms.
Invoked RoslynAnalysisRunner static constructor.
RoslynAnalysisRunner will not be running.
RoslynAnalysisRunner has terminated.
Mono: successfully reloaded assembly
- Completed reload, in  0.613 seconds
Platform modules already initialized, skipping
Refreshing native plugins compatible for Editor in 0.25 ms, found 0 plugins.
Preloading 0 native plugins for Editor in 0.00 ms.
Unloading 1131 Unused Serialized files (Serialized files now loaded: 0)
System memory in use before: 61.2 MB.
System memory in use after: 61.3 MB.

Unloading 5 unused Assets to reduce memory usage. Loaded Objects now: 1641.
Total: 2.059500 ms (FindLiveObjects: 0.283000 ms CreateObjectMapping: 0.029200 ms MarkObjects: 1.682500 ms  DeleteObjects: 0.063300 ms)

========================================================================
Received Prepare
Registering precompiled user dll's ...
Registered in 0.000598 seconds.
Begin MonoManager ReloadAssembly
Native extension for WindowsStandalone target not found
Native extension for OSXStandalone target not found
Native extension for WebGL target not found
Refreshing native plugins compatible for Editor in 0.25 ms, found 0 plugins.
Preloading 0 native plugins for Editor in 0.00 ms.
Invoked RoslynAnalysisRunner static constructor.
RoslynAnalysisRunner will not be running.
RoslynAnalysisRunner has terminated.
Mono: successfully reloaded assembly
- Completed reload, in  0.631 seconds
Platform modules already initialized, skipping
Refreshing native plugins compatible for Editor in 0.25 ms, found 0 plugins.
Preloading 0 native plugins for Editor in 0.00 ms.
Unloading 1131 Unused Serialized files (Serialized files now loaded: 0)
System memory in use before: 61.2 MB.
System memory in use after: 61.3 MB.

Unloading 5 unused Assets to reduce memory usage. Loaded Objects now: 1644.
Total: 1.616300 ms (FindLiveObjects: 0.186000 ms CreateObjectMapping: 0.028300 ms MarkObjects: 1.345400 ms  DeleteObjects: 0.055700 ms)

========================================================================
Received Import Request.
  Time since last request: 2278.567285 seconds.
  path: Assets/Scenes/SampleScene.unity
  artifactKey: Guid(9fc0d4010bbf28b4594072e72b8655ab) Importer(815301076,1909f56bfc062723c751e8b465ee728b)
Start importing Assets/Scenes/SampleScene.unity using Guid(9fc0d4010bbf28b4594072e72b8655ab) Importer(815301076,1909f56bfc062723c751e8b465ee728b)  -> (artifact id: '777e927d0b238e2cde0f6869e17df74c') in 0.015096 seconds
  Import took 0.017320 seconds .

========================================================================
Received Import Request.
  Time since last request: 808.918195 seconds.
  path: Assets/SplineMesh/Scripts/Editor
  artifactKey: Guid(1c764e36e8d99fb44a7c58115383e6fe) Importer(815301076,1909f56bfc062723c751e8b465ee728b)
Start importing Assets/SplineMesh/Scripts/Editor using Guid(1c764e36e8d99fb44a7c58115383e6fe) Importer(815301076,1909f56bfc062723c751e8b465ee728b)  -> (artifact id: '687c9cf79428d7bd152f8d8828f0a078') in 0.005607 seconds
  Import took 0.007822 seconds .

========================================================================
Received Import Request.
  Time since last request: 0.275960 seconds.
  path: Assets/SplineMesh/Scripts/Bezier
  artifactKey: Guid(1c5b179e4fe3ffa43ab663be45758da6) Importer(815301076,1909f56bfc062723c751e8b465ee728b)
Start importing Assets/SplineMesh/Scripts/Bezier using Guid(1c5b179e4fe3ffa43ab663be45758da6) Importer(815301076,1909f56bfc062723c751e8b465ee728b)  -> (artifact id: '0a06de0535efc17606db653ebc60330b') in 0.005646 seconds
  Import took 0.007407 seconds .

========================================================================
Received Import Request.
  Time since last request: 0.000465 seconds.
  path: Assets/SplineMesh/Scripts/Bezier
  artifactKey: Guid(1c5b179e4fe3ffa43ab663be45758da6) Importer(815301076,1909f56bfc062723c751e8b465ee728b)
Start importing Assets/SplineMesh/Scripts/Bezier using Guid(1c5b179e4fe3ffa43ab663be45758da6) Importer(815301076,1909f56bfc062723c751e8b465ee728b)  -> (artifact id: '0a06de0535efc17606db653ebc60330b') in 0.002002 seconds
  Import took 0.003870 seconds .

========================================================================
Received Import Request.
  Time since last request: 155.394903 seconds.
  path: Assets
  artifactKey: Guid(00000000000000001000000000000000) Importer(815301076,1909f56bfc062723c751e8b465ee728b)
Start importing Assets using Guid(00000000000000001000000000000000) Importer(815301076,1909f56bfc062723c751e8b465ee728b)  -> (artifact id: '42baae205c97e3337697759514652acd') in 0.006733 seconds
  Import took 0.008965 seconds .

========================================================================
Received Import Request.
  Time since last request: 0.000237 seconds.
  path: Assets
  artifactKey: Guid(00000000000000001000000000000000) Importer(815301076,1909f56bfc062723c751e8b465ee728b)
Start importing Assets using Guid(00000000000000001000000000000000) Importer(815301076,1909f56bfc062723c751e8b465ee728b)  -> (artifact id: '42baae205c97e3337697759514652acd') in 0.001946 seconds
  Import took 0.003342 seconds .

========================================================================
Received Import Request.
  Time since last request: 5.759346 seconds.
  path: Assets/Models
  artifactKey: Guid(1b42df34c8e509e4d86b420ca4655f07) Importer(815301076,1909f56bfc062723c751e8b465ee728b)
Start importing Assets/Models using Guid(1b42df34c8e509e4d86b420ca4655f07) Importer(815301076,1909f56bfc062723c751e8b465ee728b)  -> (artifact id: 'b6f296e1e7751e508b7a8305cbd930b7') in 0.006033 seconds
  Import took 0.008133 seconds .

========================================================================
Received Import Request.
  Time since last request: 5.914114 seconds.
  path: Assets/Models/FbxCornet.fbx
  artifactKey: Guid(a211ea6e8ac650f4182e61a48b558c99) Importer(815301076,1909f56bfc062723c751e8b465ee728b)
Start importing Assets/Models/FbxCornet.fbx using Guid(a211ea6e8ac650f4182e61a48b558c99) Importer(815301076,1909f56bfc062723c751e8b465ee728b)  -> (artifact id: '835a956739889366d832915fed8e3817') in 0.208840 seconds
  Import took 0.211103 seconds .

========================================================================
Received Import Request.
  Time since last request: 26.882416 seconds.
  path: Assets/Models/FbxCornet.fbx
  artifactKey: Guid(a211ea6e8ac650f4182e61a48b558c99) Importer(815301076,1909f56bfc062723c751e8b465ee728b)
Start importing Assets/Models/FbxCornet.fbx using Guid(a211ea6e8ac650f4182e61a48b558c99) Importer(815301076,1909f56bfc062723c751e8b465ee728b)  -> (artifact id: '027ceb31f4dc2f43d4af92efed1ba5d7') in 0.147239 seconds
  Import took 0.149380 seconds .

========================================================================
Received Import Request.
  Time since last request: 21.590552 seconds.
  path: Assets/Models/FbxCornet.fbx
  artifactKey: Guid(a211ea6e8ac650f4182e61a48b558c99) Importer(815301076,1909f56bfc062723c751e8b465ee728b)
Start importing Assets/Models/FbxCornet.fbx using Guid(a211ea6e8ac650f4182e61a48b558c99) Importer(815301076,1909f56bfc062723c751e8b465ee728b)  -> (artifact id: '0ae9ce6048aa13a9e610f5a2961f4259') in 0.176615 seconds
  Import took 0.178687 seconds .

========================================================================
Received Import Request.
  Time since last request: 0.000161 seconds.
  path: Assets/Models/cornet.jpg
  artifactKey: Guid(b43d3484554bf574482afbb4cdee8251) Importer(815301076,1909f56bfc062723c751e8b465ee728b)
Start importing Assets/Models/cornet.jpg using Guid(b43d3484554bf574482afbb4cdee8251) Importer(815301076,1909f56bfc062723c751e8b465ee728b)  -> (artifact id: '20e4e210ebd076a630adccde0d8386fb') in 0.028117 seconds
  Import took 0.029819 seconds .

========================================================================
Received Prepare
Registering precompiled user dll's ...
Registered in 0.000467 seconds.
Begin MonoManager ReloadAssembly
Native extension for WindowsStandalone target not found
Native extension for OSXStandalone target not found
Native extension for WebGL target not found
Refreshing native plugins compatible for Editor in 0.26 ms, found 0 plugins.
Preloading 0 native plugins for Editor in 0.00 ms.
Invoked RoslynAnalysisRunner static constructor.
RoslynAnalysisRunner will not be running.
RoslynAnalysisRunner has terminated.
Mono: successfully reloaded assembly
- Completed reload, in  0.599 seconds
Platform modules already initialized, skipping
Refreshing native plugins compatible for Editor in 0.19 ms, found 0 plugins.
Preloading 0 native plugins for Editor in 0.00 ms.
Unloading 1136 Unused Serialized files (Serialized files now loaded: 0)
System memory in use before: 61.4 MB.
System memory in use after: 61.5 MB.

Unloading 5 unused Assets to reduce memory usage. Loaded Objects now: 1654.
Total: 1.958100 ms (FindLiveObjects: 0.175100 ms CreateObjectMapping: 0.029600 ms MarkObjects: 1.688000 ms  DeleteObjects: 0.063900 ms)

========================================================================
Received Prepare
Registering precompiled user dll's ...
Registered in 0.000479 seconds.
Begin MonoManager ReloadAssembly
Native extension for WindowsStandalone target not found
Native extension for OSXStandalone target not found
Native extension for WebGL target not found
Refreshing native plugins compatible for Editor in 0.24 ms, found 0 plugins.
Preloading 0 native plugins for Editor in 0.00 ms.
Invoked RoslynAnalysisRunner static constructor.
RoslynAnalysisRunner will not be running.
RoslynAnalysisRunner has terminated.
Mono: successfully reloaded assembly
- Completed reload, in  0.607 seconds
Platform modules already initialized, skipping
Refreshing native plugins compatible for Editor in 0.21 ms, found 0 plugins.
Preloading 0 native plugins for Editor in 0.00 ms.
Unloading 1136 Unused Serialized files (Serialized files now loaded: 0)
System memory in use before: 61.4 MB.
System memory in use after: 61.5 MB.

Unloading 5 unused Assets to reduce memory usage. Loaded Objects now: 1657.
Total: 2.094200 ms (FindLiveObjects: 0.183100 ms CreateObjectMapping: 0.031000 ms MarkObjects: 1.818700 ms  DeleteObjects: 0.060200 ms)

========================================================================
Received Import Request.
  Time since last request: 348.266358 seconds.
  path: Assets/Plugins/EasyWallCollider/EasyWallCollider.asmdef
  artifactKey: Guid(35d75ab243fb5534a98105e29539315a) Importer(815301076,1909f56bfc062723c751e8b465ee728b)
Start importing Assets/Plugins/EasyWallCollider/EasyWallCollider.asmdef using Guid(35d75ab243fb5534a98105e29539315a) Importer(815301076,1909f56bfc062723c751e8b465ee728b)  -> (artifact id: '7d029ba6214c47d1bcbe9af7343f5017') in 0.009083 seconds
  Import took 0.010742 seconds .

========================================================================
Received Import Request.
  Time since last request: 0.000150 seconds.
  path: Assets/Plugins/EasyWallCollider/Easy Wall Collider - Documentation.pdf
  artifactKey: Guid(a92e9d10fc237974581ac979a29ea186) Importer(815301076,1909f56bfc062723c751e8b465ee728b)
Start importing Assets/Plugins/EasyWallCollider/Easy Wall Collider - Documentation.pdf using Guid(a92e9d10fc237974581ac979a29ea186) Importer(815301076,1909f56bfc062723c751e8b465ee728b)  -> (artifact id: 'd9d81a4a2638118227f277af78de764a') in 0.014364 seconds
  Import took 0.016020 seconds .

========================================================================
Received Import Request.
  Time since last request: 0.000168 seconds.
  path: Assets/Plugins/EasyWallCollider
  artifactKey: Guid(127599e3ee93844c1a1f444394fea8a1) Importer(815301076,1909f56bfc062723c751e8b465ee728b)
Start importing Assets/Plugins/EasyWallCollider using Guid(127599e3ee93844c1a1f444394fea8a1) Importer(815301076,1909f56bfc062723c751e8b465ee728b)  -> (artifact id: '71817a46a78305f28a39cde4de13d688') in 0.001633 seconds
  Import took 0.002992 seconds .

========================================================================
Received Import Request.
  Time since last request: 2.227844 seconds.
  path: Assets/Plugins/EasyWallCollider/Extentions
  artifactKey: Guid(bf8be8b4d61687f458cf53b4e9ba16be) Importer(815301076,1909f56bfc062723c751e8b465ee728b)
Start importing Assets/Plugins/EasyWallCollider/Extentions using Guid(bf8be8b4d61687f458cf53b4e9ba16be) Importer(815301076,1909f56bfc062723c751e8b465ee728b)  -> (artifact id: '3374e38a86fa6e597cd1d34e99b68296') in 0.005941 seconds
  Import took 0.007987 seconds .

========================================================================
Received Import Request.
  Time since last request: 1673.325369 seconds.
  path: Assets/Models/Cone.fbx
  artifactKey: Guid(ae730688a143d474388fb553fc235ed1) Importer(815301076,1909f56bfc062723c751e8b465ee728b)
Start importing Assets/Models/Cone.fbx using Guid(ae730688a143d474388fb553fc235ed1) Importer(815301076,1909f56bfc062723c751e8b465ee728b)  -> (artifact id: 'bfe2e53e5d5ee7c785758ac2cfe2e0b3') in 0.055931 seconds
  Import took 0.058206 seconds .

========================================================================
Received Import Request.
  Time since last request: 104.025554 seconds.
  path: Assets/Models/ColliderCone.fbx
  artifactKey: Guid(ae730688a143d474388fb553fc235ed1) Importer(815301076,1909f56bfc062723c751e8b465ee728b)
Start importing Assets/Models/ColliderCone.fbx using Guid(ae730688a143d474388fb553fc235ed1) Importer(815301076,1909f56bfc062723c751e8b465ee728b)  -> (artifact id: '8d5a28fa9887136b8c131bbfc8bf4246') in 0.031975 seconds
  Import took 0.034255 seconds .

========================================================================
Received Import Request.
  Time since last request: 265.888752 seconds.
  path: Assets/Materials
  artifactKey: Guid(0f8f947e4988bc94faf2887a776448b1) Importer(815301076,1909f56bfc062723c751e8b465ee728b)
Start importing Assets/Materials using Guid(0f8f947e4988bc94faf2887a776448b1) Importer(815301076,1909f56bfc062723c751e8b465ee728b)  -> (artifact id: 'd571b975fe9c3189723cc7f070072f02') in 0.004091 seconds
  Import took 0.006254 seconds .

========================================================================
Received Import Request.
  Time since last request: 7.146148 seconds.
  path: Assets/Materials/Transparent.mat
  artifactKey: Guid(9fc4c215a448fb348a05dd221c0e8961) Importer(815301076,1909f56bfc062723c751e8b465ee728b)
Start importing Assets/Materials/Transparent.mat using Guid(9fc4c215a448fb348a05dd221c0e8961) Importer(815301076,1909f56bfc062723c751e8b465ee728b)  -> (artifact id: '5280c76ff25a9932dd9762abd8b0f542') in 0.045136 seconds
  Import took 0.047323 seconds .

========================================================================
Received Import Request.
  Time since last request: 66.290611 seconds.
  path: Assets/Materials/Transparent.mat
  artifactKey: Guid(9fc4c215a448fb348a05dd221c0e8961) Importer(815301076,1909f56bfc062723c751e8b465ee728b)
Start importing Assets/Materials/Transparent.mat using Guid(9fc4c215a448fb348a05dd221c0e8961) Importer(815301076,1909f56bfc062723c751e8b465ee728b)  -> (artifact id: '7eb7725ac22876e7f064e97bf772ffe4') in 0.018704 seconds
  Import took 0.020802 seconds .

AssetImportWorkerClient::OnTransportError - code=2 error=End of file
